[www.dryve.com.br/assinatura.html]
[backblue.gif]
[fade.gif]
[index.html]
[cdn.prod.website-files.com/623224eb4a92497822edea4d/css/dryve-website.9dcf82f41.min.css]
[ajax.googleapis.com/ajax/libs/webfont/1.6.26/webfont.js]
[cdn.prod.website-files.com/623224eb4a92497822edea4d/624dd855cfdad01f5cd39b8b_dryve-favicon.png]
[cdn.prod.website-files.com/623224eb4a92497822edea4d/624dd859e773584e33188be9_dryve-webclip.png]
[connect.facebook.net/en_US/fbevents.js]
[www.dryve.com.br/legal/politica-de-privacidade.html]
[www.dryve.com.br/como-funciona.html]
[www.dryve.com.br/legal/termos-de-uso.html]
[www.dryve.com.br/index.html]
[www.dryve.com.br/chatbot-assinatura.html]
[cdn.prod.website-files.com/623224eb4a92497822edea4d/66339966b659e7291af6be29_fiorino.png]
[cdn.prod.website-files.com/623224eb4a92497822edea4d/644aa81fc321eb8883e301f9_star.png]
[cdn.prod.website-files.com/623224eb4a92497822edea4d/644aa8682a5d9664a4d292fe_img-avatar.png]
[cdn.prod.website-files.com/623224eb4a92497822edea4d/644aa935575230edbda86f0b_img-avatar2.png]
[cdn.prod.website-files.com/623224eb4a92497822edea4d/644aa935a21c87a482e2a1ce_img-avatar3.png]
[cdn.prod.website-files.com/623224eb4a92497822edea4d/644aa934b4060d700fdcbc56_img-avatar4.png]
[www.dryve.com.br/assistente-dryve-seja-um-agente.html]
[www.dryve.com.br/central-de-ajuda.html]
[www.dryve.com.br/legal/regulamento-do-agente.html]
[d3e54v103j8qbb.cloudfront.net/js/jquery-3.5.1.min.dc5e7f18c86a36.js]
[cdn.prod.website-files.com/623224eb4a92497822edea4d/js/dryve-website.1de3c226f.js]
[client.crisp.chat/l.js]
[cdnjs.cloudflare.com/ajax/libs/jquery.mask/1.14.16/jquery.mask.min.js]
[www.dryve.com.br/assinatura.html]
[cdn.prod.website-files.com/623224eb4a92497822edea4d/css/dryve-website.9dcf82f41.min.css]
[cdn.leadster.com.br/neurolead/neurolead.min.js]
[connect.facebook.net/en_US/fbevents.js]
[www.googletagmanager.com/gtm5445.html]
[www.dryve.com.br/carreiras]
[www.dryve.com.br/legal/politica-de-privacidade.html]
[cdn.prod.website-files.com/623224eb4a92497822edea4d/624c7e5bced46159cb03fbbc_dryve-webclip.png]
[www.dryve.com.br/app.html]
[cdn.prod.website-files.com/623224eb4a92497822edea4d/6672edef0834a766dc03f716_Cabover-4x2-Truck-Exterior-Only.I01-1.png]
[cdn.prod.website-files.com/623224eb4a92497822edea4d/6671e5c928208f33e7afcb50_Homem-3-1.png]
[cdn.prod.website-files.com/623224eb4a92497822edea4d/6672d5c38f9eee631b8371a3_t-cross-azul_11zon-1.png]
[cdn.prod.website-files.com/623224eb4a92497822edea4d/667330bdf3a4542ac3eedbbc_a_successful_person_with_folded_arms_posing_isolated_on_a_transp.png]
[www.dryve.com.br/blog.html]
[cdn.prod.website-files.com/625042fc4e8fc47356bafff7/673ba424a53447f0d2492784_Thumbnail.png]
[www.dryve.com.br/blog/5-erros-na-gestao-de-clientes-que-voce-deve-evitar.html]
[cdn.prod.website-files.com/625042fc4e8fc47356bafff7/673c9573b7c2babe9cb36348_Thumbnail-2.png]
[www.dryve.com.br/blog/5-estrategias-eficientes-para-revenda-de-automoveis-e-motos.html]
[cdn.prod.website-files.com/625042fc4e8fc47356bafff7/6732170ff7afe0c08ec77d63_Thumbnail.png]
[www.dryve.com.br/blog/4-erros-comuns-em-sites-de-automoveis-e-como-corrigi-los.html]
[cdn.prod.website-files.com/623224eb4a92497822edea4d/66733b4a60ba04f5d2a659a4_mulheres-jovens-felizes-segurando-seu-celular-e-olhando-para-o-f.png]
[www.dryve.com.br/index.html]
[cdnjs.cloudflare.com/ajax/libs/typed.js/2.0.10/typed.min.js]
[cdn.prod.website-files.com/623224eb4a92497822edea4d/62436192e617b24ef435ae6a_img-car-scroll.png]
[cdn.prod.website-files.com/623224eb4a92497822edea4d/62436192e617b2a32335ae62_img-timeline-emanalise.png]
[cdn.prod.website-files.com/623224eb4a92497822edea4d/62436192e617b2220435ae65_img-timeline-proposta.png]
[cdn.prod.website-files.com/623224eb4a92497822edea4d/62507de2eea85fe8c5f4ac57_img-aprovacao-comofunciona.png]
[cdn.prod.website-files.com/623224eb4a92497822edea4d/62507cc012a5e0e7a6bcb83c_img-prova-de-vida-comofunciona.png]
[www.dryve.com.br/como-funciona.html]
[www.dryve.com.br/legal/termos-de-uso.html]
[www.dryve.com.br/chatbot-assinatura.html]
[www.dryve.com.br/assistente-dryve-seja-um-agente.html]
[www.dryve.com.br/duvidas-frequentes/quero-financiar/a-dryve-cobra-para-fazer-analise-de-credito.html]
[www.dryve.com.br/central-de-ajuda.html]
[www.dryve.com.br/legal/regulamento-do-agente.html]
[www.dryve.com.br/duvidas-frequentes/quero-ser-um-agente/o-que-preciso-para-ser-um-agente-autorizado.html]
[www.dryve.com.br/schema.org/index.html]
[www.dryve.com.br/carreiras.html]
[www.dryve.com.br/app.html]
[code.jquery.com/jquery-3.5.1.min.js]
[cdn.jsdelivr.net/npm/@finsweet/attributes-cmsfilter@1/cmsfilter.js]
[cdn.prod.website-files.com/625042fc4e8fc47356bafff7/673ba79661242772ddd30f58_Thumbnail.png]
[www.dryve.com.br/blog/7-passos-para-desenvolver-a-oratoria-e-alavancar-suas-vendas.html]
[cdn.prod.website-files.com/625042fc4e8fc47356bafff7/673b9d730fd05e2e9b73b776_Thumbnail.png]
[www.dryve.com.br/blog/5-vantagens-de-ter-uma-loja-virtual-para-venda-de-veiculos.html]
[cdn.prod.website-files.com/625042fc4e8fc47356bafff7/6732373dcab245837e59e2a4_Thumbnail.png]
[www.dryve.com.br/blog/5-beneficios-do-pos-venda-para-sua-concessionaria-de-veiculos.html]
[www.dryve.com.br/blog.html]
[www.dryve.com.br/blog/5-erros-na-gestao-de-clientes-que-voce-deve-evitar.html]
[www.dryve.com.br/blog/5-estrategias-eficientes-para-revenda-de-automoveis-e-motos.html]
[www.dryve.com.br/blog/4-erros-comuns-em-sites-de-automoveis-e-como-corrigi-los.html]
[www.dryve.com.br/blog-artigos.html]
[www.dryve.com.br/duvidas-frequentes/quero-financiar/quais-os-tipos-de-veiculo-posso-financiar.html]
[www.dryve.com.br/duvidas-frequentes/quero-financiar/o-que-e-preciso-para-financiar-com-a-dryve.html]
[www.dryve.com.br/duvidas-frequentes/quero-financiar/posso-financiar-um-veiculo-particular-com-a-dryve.html]
[www.dryve.com.br/duvidas-frequentes/quero-financiar/a-dryve-garante-a-aprovacao-do-credito.html]
[www.dryve.com.br/duvidas-frequentes/quero-financiar/a-dryve-cobra-para-fazer-analise-de-credito.html]
[www.dryve.com.br/duvidas-frequentes/quero-financiar/por-que-o-valor-da-simulacao-e-diferente-da-parcela-final.html]
[www.dryve.com.br/duvidas-frequentes/quero-ser-um-agente/qual-o-valor-da-comissao.html]
[www.dryve.com.br/duvidas-frequentes/quero-ser-um-agente/quais-as-responsabilidades-do-agente-autorizado.html]
[www.dryve.com.br/duvidas-frequentes/quero-ser-um-agente/o-que-preciso-para-ser-um-agente-autorizado.html]
[www.dryve.com.br/duvidas-frequentes/quero-ser-um-agente/a-dryve-faz-pagamentos-na-conta-de-terceiros.html]
[www.dryve.com.br/blog/7-passos-para-desenvolver-a-oratoria-e-alavancar-suas-vendas.html]
[www.dryve.com.br/blog/5-vantagens-de-ter-uma-loja-virtual-para-venda-de-veiculos.html]
[www.dryve.com.br/blog/5-beneficios-do-pos-venda-para-sua-concessionaria-de-veiculos.html]
[www.dryve.com.br/blog-artigos.html]
[www.dryve.com.br/duvidas-frequentes/quero-financiar/quais-os-tipos-de-veiculo-posso-financiar.html]
[www.dryve.com.br/duvidas-frequentes/quero-financiar/o-que-e-preciso-para-financiar-com-a-dryve.html]
[www.dryve.com.br/duvidas-frequentes/quero-financiar/posso-financiar-um-veiculo-particular-com-a-dryve.html]
[www.dryve.com.br/duvidas-frequentes/quero-financiar/a-dryve-garante-a-aprovacao-do-credito.html]
[www.dryve.com.br/duvidas-frequentes/quero-financiar/por-que-o-valor-da-simulacao-e-diferente-da-parcela-final.html]
[www.dryve.com.br/duvidas-frequentes/quero-ser-um-agente/qual-o-valor-da-comissao.html]
[www.dryve.com.br/duvidas-frequentes/quero-ser-um-agente/quais-as-responsabilidades-do-agente-autorizado.html]
[www.dryve.com.br/duvidas-frequentes/quero-ser-um-agente/a-dryve-faz-pagamentos-na-conta-de-terceiros.html]
[www.dryve.com.br/a.html]
[www.dryve.com.br/POST.html]
[www.dryve.com.br/b.html]
[www.dryve.com.br/signals/iwl.html]
[www.dryve.com.br/schema.html]
